2024-01-11 15:01:01,607 INFO autoreload Watching for file changes with StatReloader
2024-01-11 15:01:11,472 INFO autoreload /Users/sky/PycharmProjects/DjangoProject/SkillFactory/NewsPortal/settings.py changed, reloading.
2024-01-11 15:01:11,986 INFO autoreload Watching for file changes with StatReloader
2024-01-11 15:01:56,366 ERROR log Internal Server Error: /news/test_error
Traceback (most recent call last):
  File "/Users/sky/PycharmProjects/DjangoProject/venv/lib/python3.9/site-packages/django/core/handlers/exception.py", line 47, in inner
    response = get_response(request)
  File "/Users/sky/PycharmProjects/DjangoProject/venv/lib/python3.9/site-packages/django/core/handlers/base.py", line 181, in _get_response
    response = wrapped_callback(request, *callback_args, **callback_kwargs)
  File "/Users/sky/PycharmProjects/DjangoProject/SkillFactory/main_app/views.py", line 176, in test_error
    raise Exception
Exception
2024-01-11 15:05:34,034 INFO autoreload /Users/sky/PycharmProjects/DjangoProject/SkillFactory/NewsPortal/settings.py changed, reloading.
2024-01-11 15:05:34,832 INFO autoreload Watching for file changes with StatReloader
2024-01-11 15:07:03,699 INFO autoreload /Users/sky/PycharmProjects/DjangoProject/SkillFactory/NewsPortal/settings.py changed, reloading.
2024-01-11 15:07:04,537 INFO autoreload Watching for file changes with StatReloader
2024-01-11 15:07:27,029 INFO autoreload /Users/sky/PycharmProjects/DjangoProject/SkillFactory/NewsPortal/settings.py changed, reloading.
2024-01-11 15:07:27,724 INFO autoreload Watching for file changes with StatReloader
2024-01-11 15:08:58,457 INFO autoreload /Users/sky/PycharmProjects/DjangoProject/SkillFactory/NewsPortal/settings.py changed, reloading.
2024-01-11 15:08:58,964 INFO autoreload Watching for file changes with StatReloader
2024-01-11 15:10:19,255 INFO autoreload /Users/sky/PycharmProjects/DjangoProject/SkillFactory/NewsPortal/settings.py changed, reloading.
2024-01-11 15:10:20,040 INFO autoreload Watching for file changes with StatReloader
2024-01-11 15:11:13,748 INFO autoreload /Users/sky/PycharmProjects/DjangoProject/SkillFactory/NewsPortal/settings.py changed, reloading.
2024-01-11 15:11:14,569 INFO autoreload Watching for file changes with StatReloader
2024-01-11 15:12:06,084 INFO autoreload /Users/sky/PycharmProjects/DjangoProject/SkillFactory/NewsPortal/settings.py changed, reloading.
2024-01-11 15:12:06,887 INFO autoreload Watching for file changes with StatReloader
2024-01-11 15:12:22,097 INFO autoreload /Users/sky/PycharmProjects/DjangoProject/SkillFactory/NewsPortal/settings.py changed, reloading.
2024-01-11 15:12:22,902 INFO autoreload Watching for file changes with StatReloader
2024-01-11 15:15:18,598 INFO autoreload /Users/sky/PycharmProjects/DjangoProject/SkillFactory/NewsPortal/settings.py changed, reloading.
2024-01-11 15:15:19,443 INFO autoreload Watching for file changes with StatReloader
2024-01-11 15:15:28,281 INFO autoreload /Users/sky/PycharmProjects/DjangoProject/SkillFactory/NewsPortal/settings.py changed, reloading.
2024-01-11 15:15:28,795 INFO autoreload Watching for file changes with StatReloader
2024-01-11 15:23:05,779 INFO autoreload Watching for file changes with StatReloader
2024-01-11 15:27:02,992 INFO autoreload /Users/sky/PycharmProjects/DjangoProject/SkillFactory/NewsPortal/settings.py changed, reloading.
2024-01-11 15:27:03,574 INFO autoreload Watching for file changes with StatReloader
2024-01-11 15:28:42,307 INFO autoreload /Users/sky/PycharmProjects/DjangoProject/SkillFactory/NewsPortal/settings.py changed, reloading.
2024-01-11 15:28:43,104 INFO autoreload Watching for file changes with StatReloader
2024-01-11 15:30:00,516 INFO autoreload /Users/sky/PycharmProjects/DjangoProject/SkillFactory/NewsPortal/settings.py changed, reloading.
2024-01-11 15:30:01,357 INFO autoreload Watching for file changes with StatReloader
2024-01-11 15:34:24,165 INFO autoreload Watching for file changes with StatReloader
2024-01-11 15:36:21,059 INFO autoreload /Users/sky/PycharmProjects/DjangoProject/SkillFactory/NewsPortal/settings.py changed, reloading.
2024-01-11 15:36:21,916 INFO autoreload Watching for file changes with StatReloader
2024-01-11 15:36:46,246 INFO autoreload /Users/sky/PycharmProjects/DjangoProject/SkillFactory/NewsPortal/settings.py changed, reloading.
2024-01-11 15:36:46,752 INFO autoreload Watching for file changes with StatReloader
2024-01-11 15:39:04,411 INFO autoreload Watching for file changes with StatReloader
2024-01-11 15:41:12,575 INFO autoreload /Users/sky/PycharmProjects/DjangoProject/SkillFactory/NewsPortal/settings.py changed, reloading.
2024-01-11 15:42:11,454 INFO autoreload Watching for file changes with StatReloader
2024-01-11 15:43:21,269 INFO autoreload /Users/sky/PycharmProjects/DjangoProject/SkillFactory/NewsPortal/settings.py changed, reloading.
2024-01-11 15:43:21,782 INFO autoreload Watching for file changes with StatReloader
2024-01-11 15:44:31,772 INFO autoreload /Users/sky/PycharmProjects/DjangoProject/SkillFactory/NewsPortal/settings.py changed, reloading.
2024-01-11 15:44:32,275 INFO autoreload Watching for file changes with StatReloader
2024-01-11 15:44:42,076 INFO autoreload /Users/sky/PycharmProjects/DjangoProject/SkillFactory/NewsPortal/settings.py changed, reloading.
2024-01-11 15:44:42,578 INFO autoreload Watching for file changes with StatReloader
2024-01-11 15:47:18,862 INFO autoreload /Users/sky/PycharmProjects/DjangoProject/SkillFactory/NewsPortal/settings.py changed, reloading.
2024-01-11 15:55:03,900 INFO autoreload Watching for file changes with StatReloader
2024-01-11 15:56:47,584 INFO autoreload Watching for file changes with StatReloader
2024-01-11 15:57:11,112 INFO autoreload /Users/sky/PycharmProjects/DjangoProject/SkillFactory/NewsPortal/settings.py changed, reloading.
2024-01-11 15:57:11,629 INFO autoreload Watching for file changes with StatReloader
2024-01-11 16:00:01,647 INFO autoreload Watching for file changes with StatReloader
2024-01-11 16:00:13,331 INFO autoreload /Users/sky/PycharmProjects/DjangoProject/SkillFactory/NewsPortal/settings.py changed, reloading.
2024-01-11 16:00:13,846 INFO autoreload Watching for file changes with StatReloader
2024-01-11 16:00:24,695 INFO autoreload /Users/sky/PycharmProjects/DjangoProject/SkillFactory/NewsPortal/settings.py changed, reloading.
2024-01-11 16:00:25,205 INFO autoreload Watching for file changes with StatReloader
2024-01-11 16:00:33,982 INFO autoreload /Users/sky/PycharmProjects/DjangoProject/SkillFactory/NewsPortal/settings.py changed, reloading.
2024-01-11 16:00:34,496 INFO autoreload Watching for file changes with StatReloader
2024-01-11 16:00:40,999 INFO autoreload /Users/sky/PycharmProjects/DjangoProject/SkillFactory/NewsPortal/settings.py changed, reloading.
2024-01-11 16:00:41,505 INFO autoreload Watching for file changes with StatReloader
2024-01-11 16:00:58,558 INFO autoreload /Users/sky/PycharmProjects/DjangoProject/SkillFactory/NewsPortal/settings.py changed, reloading.
2024-01-11 16:00:59,084 INFO autoreload Watching for file changes with StatReloader
2024-01-11 16:01:05,840 INFO autoreload /Users/sky/PycharmProjects/DjangoProject/SkillFactory/NewsPortal/settings.py changed, reloading.
2024-01-11 16:01:06,357 INFO autoreload Watching for file changes with StatReloader
2024-01-11 16:01:10,951 INFO autoreload /Users/sky/PycharmProjects/DjangoProject/SkillFactory/NewsPortal/settings.py changed, reloading.
2024-01-11 16:01:11,448 INFO autoreload Watching for file changes with StatReloader
2024-01-11 16:02:08,897 INFO autoreload /Users/sky/PycharmProjects/DjangoProject/SkillFactory/NewsPortal/settings.py changed, reloading.
2024-01-11 16:02:09,412 INFO autoreload Watching for file changes with StatReloader
2024-01-11 16:02:28,325 INFO autoreload /Users/sky/PycharmProjects/DjangoProject/SkillFactory/NewsPortal/settings.py changed, reloading.
2024-01-11 16:02:28,820 INFO autoreload Watching for file changes with StatReloader
2024-01-11 16:03:12,276 INFO autoreload Watching for file changes with StatReloader
2024-01-11 16:03:27,071 INFO autoreload /Users/sky/PycharmProjects/DjangoProject/SkillFactory/NewsPortal/settings.py changed, reloading.
2024-01-11 16:03:27,668 INFO autoreload Watching for file changes with StatReloader
2024-01-11 17:22:17,272 INFO autoreload /Users/sky/PycharmProjects/DjangoProject/SkillFactory/NewsPortal/settings.py changed, reloading.
2024-01-11 17:25:02,816 INFO autoreload Watching for file changes with StatReloader
2024-01-11 17:27:52,555 INFO autoreload /Users/sky/PycharmProjects/DjangoProject/SkillFactory/NewsPortal/settings.py changed, reloading.
2024-01-11 17:27:53,368 INFO autoreload Watching for file changes with StatReloader
2024-01-11 17:33:07,793 INFO autoreload /Users/sky/PycharmProjects/DjangoProject/SkillFactory/NewsPortal/settings.py changed, reloading.
2024-01-11 17:33:08,618 INFO autoreload Watching for file changes with StatReloader
2024-01-11 17:33:14,353 INFO autoreload /Users/sky/PycharmProjects/DjangoProject/SkillFactory/NewsPortal/settings.py changed, reloading.
2024-01-11 17:33:14,879 INFO autoreload Watching for file changes with StatReloader
2024-01-11 17:33:30,849 INFO autoreload /Users/sky/PycharmProjects/DjangoProject/SkillFactory/NewsPortal/settings.py changed, reloading.
2024-01-11 17:33:31,354 INFO autoreload Watching for file changes with StatReloader
2024-01-11 17:43:36,419 INFO autoreload /Users/sky/PycharmProjects/DjangoProject/SkillFactory/NewsPortal/settings.py changed, reloading.
2024-01-11 17:43:37,267 INFO autoreload Watching for file changes with StatReloader
2024-01-11 17:44:55,912 INFO autoreload /Users/sky/PycharmProjects/DjangoProject/SkillFactory/NewsPortal/settings.py changed, reloading.
2024-01-11 17:44:56,745 INFO autoreload Watching for file changes with StatReloader
2024-01-11 17:46:06,156 INFO autoreload /Users/sky/PycharmProjects/DjangoProject/SkillFactory/NewsPortal/settings.py changed, reloading.
2024-01-11 17:46:06,836 INFO autoreload Watching for file changes with StatReloader
2024-01-11 17:50:02,126 INFO autoreload /Users/sky/PycharmProjects/DjangoProject/SkillFactory/NewsPortal/urls.py changed, reloading.
2024-01-11 17:50:02,992 INFO autoreload Watching for file changes with StatReloader
2024-01-11 17:50:23,204 INFO autoreload /Users/sky/PycharmProjects/DjangoProject/SkillFactory/NewsPortal/urls.py changed, reloading.
2024-01-11 17:50:23,743 INFO autoreload Watching for file changes with StatReloader
2024-01-11 17:50:36,418 INFO autoreload /Users/sky/PycharmProjects/DjangoProject/SkillFactory/NewsPortal/urls.py changed, reloading.
2024-01-11 17:50:36,959 INFO autoreload Watching for file changes with StatReloader
2024-01-11 17:50:52,727 INFO autoreload /Users/sky/PycharmProjects/DjangoProject/SkillFactory/NewsPortal/urls.py changed, reloading.
2024-01-11 17:50:53,236 INFO autoreload Watching for file changes with StatReloader
2024-01-11 17:53:44,945 INFO autoreload /Users/sky/PycharmProjects/DjangoProject/SkillFactory/NewsPortal/settings.py changed, reloading.
2024-01-11 17:53:45,470 INFO autoreload Watching for file changes with StatReloader
2024-01-11 17:54:19,512 INFO autoreload /Users/sky/PycharmProjects/DjangoProject/SkillFactory/NewsPortal/settings.py changed, reloading.
2024-01-11 17:54:20,053 INFO autoreload Watching for file changes with StatReloader
2024-01-11 17:56:08,257 INFO autoreload /Users/sky/PycharmProjects/DjangoProject/SkillFactory/NewsPortal/urls.py changed, reloading.
2024-01-11 17:56:08,849 INFO autoreload Watching for file changes with StatReloader
2024-01-11 17:56:57,754 INFO autoreload /Users/sky/PycharmProjects/DjangoProject/SkillFactory/NewsPortal/urls.py changed, reloading.
2024-01-11 17:56:58,298 INFO autoreload Watching for file changes with StatReloader
2024-01-11 17:59:02,150 INFO autoreload /Users/sky/PycharmProjects/DjangoProject/SkillFactory/NewsPortal/settings.py changed, reloading.
2024-01-11 17:59:02,871 INFO autoreload Watching for file changes with StatReloader
2024-01-11 17:59:31,145 INFO autoreload /Users/sky/PycharmProjects/DjangoProject/SkillFactory/NewsPortal/settings.py changed, reloading.
2024-01-11 17:59:31,656 INFO autoreload Watching for file changes with StatReloader
2024-01-11 18:00:33,764 INFO autoreload /Users/sky/PycharmProjects/DjangoProject/SkillFactory/NewsPortal/settings.py changed, reloading.
2024-01-11 18:00:34,611 INFO autoreload Watching for file changes with StatReloader
2024-01-11 18:04:26,406 INFO autoreload /Users/sky/PycharmProjects/DjangoProject/SkillFactory/NewsPortal/settings.py changed, reloading.
2024-01-11 18:04:26,927 INFO autoreload Watching for file changes with StatReloader
2024-01-11 18:04:55,617 INFO autoreload /Users/sky/PycharmProjects/DjangoProject/SkillFactory/NewsPortal/settings.py changed, reloading.
2024-01-11 18:04:56,504 INFO autoreload Watching for file changes with StatReloader
2024-01-11 18:05:21,137 INFO autoreload /Users/sky/PycharmProjects/DjangoProject/SkillFactory/NewsPortal/settings.py changed, reloading.
2024-01-11 18:05:21,989 INFO autoreload Watching for file changes with StatReloader
2024-01-11 18:06:09,043 INFO autoreload /Users/sky/PycharmProjects/DjangoProject/SkillFactory/NewsPortal/settings.py changed, reloading.
2024-01-11 18:06:09,567 INFO autoreload Watching for file changes with StatReloader
2024-01-11 19:38:15,870 INFO autoreload /Users/sky/PycharmProjects/DjangoProject/SkillFactory/NewsPortal/settings.py changed, reloading.
2024-01-11 19:38:16,753 INFO autoreload Watching for file changes with StatReloader
2024-01-11 19:39:26,610 INFO autoreload /Users/sky/PycharmProjects/DjangoProject/SkillFactory/NewsPortal/settings.py changed, reloading.
2024-01-11 19:39:27,110 INFO autoreload Watching for file changes with StatReloader
2024-01-11 19:39:47,061 INFO autoreload /Users/sky/PycharmProjects/DjangoProject/SkillFactory/NewsPortal/settings.py changed, reloading.
2024-01-11 19:39:47,591 INFO autoreload Watching for file changes with StatReloader
2024-01-11 19:40:28,170 INFO autoreload /Users/sky/PycharmProjects/DjangoProject/SkillFactory/NewsPortal/settings.py changed, reloading.
2024-01-11 19:40:28,685 INFO autoreload Watching for file changes with StatReloader
2024-01-11 19:41:49,632 INFO autoreload /Users/sky/PycharmProjects/DjangoProject/SkillFactory/NewsPortal/settings.py changed, reloading.
2024-01-11 19:41:50,141 INFO autoreload Watching for file changes with StatReloader
2024-01-11 19:42:37,990 INFO autoreload /Users/sky/PycharmProjects/DjangoProject/SkillFactory/NewsPortal/settings.py changed, reloading.
2024-01-11 19:42:38,551 INFO autoreload Watching for file changes with StatReloader
2024-01-11 19:43:48,619 ERROR log Internal Server Error: /news/test_error
Traceback (most recent call last):
  File "/Users/sky/PycharmProjects/DjangoProject/venv/lib/python3.9/site-packages/django/core/handlers/exception.py", line 47, in inner
    response = get_response(request)
  File "/Users/sky/PycharmProjects/DjangoProject/venv/lib/python3.9/site-packages/django/core/handlers/base.py", line 181, in _get_response
    response = wrapped_callback(request, *callback_args, **callback_kwargs)
  File "/Users/sky/PycharmProjects/DjangoProject/SkillFactory_D7/main_app/views.py", line 176, in test_error
    raise Exception
Exception
2024-01-11 19:43:52,872 ERROR log Internal Server Error: /news/test_error
Traceback (most recent call last):
  File "/Users/sky/PycharmProjects/DjangoProject/venv/lib/python3.9/site-packages/django/core/handlers/exception.py", line 47, in inner
    response = get_response(request)
  File "/Users/sky/PycharmProjects/DjangoProject/venv/lib/python3.9/site-packages/django/core/handlers/base.py", line 181, in _get_response
    response = wrapped_callback(request, *callback_args, **callback_kwargs)
  File "/Users/sky/PycharmProjects/DjangoProject/SkillFactory_D7/main_app/views.py", line 176, in test_error
    raise Exception
Exception
2024-01-11 19:44:09,955 INFO autoreload /Users/sky/PycharmProjects/DjangoProject/SkillFactory/NewsPortal/settings.py changed, reloading.
2024-01-11 23:59:52,066 INFO autoreload Watching for file changes with StatReloader
2024-01-12 00:03:43,530 WARNING log Forbidden (CSRF token missing.): /news/242/delete
2024-01-12 00:05:17,428 WARNING log Forbidden (CSRF token missing.): /news/242/delete
2024-01-12 00:05:20,969 WARNING log Forbidden (CSRF token missing.): /news/242/delete
2024-01-12 00:26:00,959 INFO autoreload Watching for file changes with StatReloader
2024-01-12 00:26:30,689 INFO autoreload /Users/sky/PycharmProjects/DjangoProject/SkillFactory/NewsPortal/settings.py changed, reloading.
